0 info it worked if it ends with ok
1 verbose cli [ '/Users/it/.nvm/versions/node/v6.17.1/bin/node',
1 verbose cli   '/Users/it/.nvm/versions/node/v6.17.1/bin/npm',
1 verbose cli   'run',
1 verbose cli   'test' ]
2 info using npm@3.10.10
3 info using node@v6.17.1
4 verbose run-script [ 'pretest', 'test', 'posttest' ]
5 info lifecycle coding@1.0.0~pretest: coding@1.0.0
6 silly lifecycle coding@1.0.0~pretest: no script for pretest, continuing
7 info lifecycle coding@1.0.0~test: coding@1.0.0
8 verbose lifecycle coding@1.0.0~test: unsafe-perm in lifecycle true
9 verbose lifecycle coding@1.0.0~test: PATH: /Users/it/.nvm/versions/node/v6.17.1/lib/node_modules/npm/bin/node-gyp-bin:/Users/it/Desktop/shopee/coding/node_modules/.bin:/Users/it/go/bin:/Users/it/.nvm/versions/node/v6.17.1/bin:/Users/it/.deno/bin:/usr/local/bin:/usr/bin:/bin:/usr/sbin:/sbin:/usr/local/go/bin:/Applications/Postgres.app/Contents/Versions/latest/bin:/Users/it/go/bin:/Users/it/.nvm/versions/node/v6.17.1/bin:/Users/it/.deno/bin:/Users/it/development/flutter/bin:/Users/it/development/flutter/bin
10 verbose lifecycle coding@1.0.0~test: CWD: /Users/it/Desktop/shopee/coding
11 silly lifecycle coding@1.0.0~test: Args: [ '-c', 'jest' ]
12 silly lifecycle coding@1.0.0~test: Returned: code: 1  signal: null
13 info lifecycle coding@1.0.0~test: Failed to exec test script
14 verbose stack Error: coding@1.0.0 test: `jest`
14 verbose stack Exit status 1
14 verbose stack     at EventEmitter.<anonymous> (/Users/it/.nvm/versions/node/v6.17.1/lib/node_modules/npm/lib/utils/lifecycle.js:255:16)
14 verbose stack     at emitTwo (events.js:106:13)
14 verbose stack     at EventEmitter.emit (events.js:191:7)
14 verbose stack     at ChildProcess.<anonymous> (/Users/it/.nvm/versions/node/v6.17.1/lib/node_modules/npm/lib/utils/spawn.js:40:14)
14 verbose stack     at emitTwo (events.js:106:13)
14 verbose stack     at ChildProcess.emit (events.js:191:7)
14 verbose stack     at maybeClose (internal/child_process.js:920:16)
14 verbose stack     at Process.ChildProcess._handle.onexit (internal/child_process.js:230:5)
15 verbose pkgid coding@1.0.0
16 verbose cwd /Users/it/Desktop/shopee/coding
17 error Darwin 18.7.0
18 error argv "/Users/it/.nvm/versions/node/v6.17.1/bin/node" "/Users/it/.nvm/versions/node/v6.17.1/bin/npm" "run" "test"
19 error node v6.17.1
20 error npm  v3.10.10
21 error code ELIFECYCLE
22 error coding@1.0.0 test: `jest`
22 error Exit status 1
23 error Failed at the coding@1.0.0 test script 'jest'.
23 error Make sure you have the latest version of node.js and npm installed.
23 error If you do, this is most likely a problem with the coding package,
23 error not with npm itself.
23 error Tell the author that this fails on your system:
23 error     jest
23 error You can get information on how to open an issue for this project with:
23 error     npm bugs coding
23 error Or if that isn't available, you can get their info via:
23 error     npm owner ls coding
23 error There is likely additional logging output above.
24 verbose exit [ 1, true ]
